<?xml version="1.0" encoding="UTF-8"?>
<!-- Generated by org.testng.reporters.JUnitXMLReporter -->
<testsuite hostname="Ashwajits-MacBook-Pro.local" ignored="0" name="EbayTests" tests="3" failures="0" timestamp="2020-05-05T20:32:01 AEST" time="0.243" errors="0">
  <testcase name="@BeforeMethod init" time="0.184" classname="testClasses.LoginTest">
    <failure type="java.lang.IllegalArgumentException" message="Can not set io.appium.java_client.MobileElement field Screens.Screen.loginBtn to org.openqa.selenium.remote.RemoteWebElement$$EnhancerByCGLIB$$d27c0df4">
      <![CDATA[java.lang.IllegalArgumentException: Can not set io.appium.java_client.MobileElement field Screens.Screen.loginBtn to org.openqa.selenium.remote.RemoteWebElement$$EnhancerByCGLIB$$d27c0df4
at org.openqa.selenium.support.PageFactory.proxyFields(PageFactory.java:117)
at org.openqa.selenium.support.PageFactory.initElements(PageFactory.java:105)
at Screens.Screen.<init>(Screen.java:15)
at testClasses.LoginTest.init(LoginTest.java:29)
at java.util.ArrayList.forEach(ArrayList.java:1257)
... Removed 38 stack frames]]>
    </failure>
  </testcase> <!-- @BeforeMethod init -->
  <testcase name="@BeforeMethod init" time="-1.588674721861E9" classname="testClasses.LoginTest">
    <skipped/>
  </testcase> <!-- @BeforeMethod init -->
  <testcase name="@BeforeMethod init" time="-1.588674721864E9" classname="testClasses.LoginTest">
    <skipped/>
  </testcase> <!-- @BeforeMethod init -->
  <testcase name="LoginTest01" time="0.0" classname="testClasses.LoginTest">
    <skipped/>
  </testcase> <!-- LoginTest01 -->
  <testcase name="LoginTest02" time="0.0" classname="testClasses.LoginTest">
    <skipped/>
  </testcase> <!-- LoginTest02 -->
  <testcase name="LoginTest03" time="0.0" classname="testClasses.LoginTest">
    <skipped/>
  </testcase> <!-- LoginTest03 -->
</testsuite> <!-- EbayTests -->
