<?xml version="1.0" encoding="UTF-8"?>
<testsuite name="TestSuite" time="0.876" tests="7" errors="0" skipped="6" failures="1">
  <properties>
[...]
</properties>
  <testcase name="init" classname="testClasses.LoginTest" time="0.876">
    <failure message="Can not set io.appium.java_client.MobileElement field Screens.Screen.loginBtn to org.openqa.selenium.remote.RemoteWebElement$$EnhancerByCGLIB$$d27c0df4" type="java.lang.IllegalArgumentException"><![CDATA[java.lang.IllegalArgumentException: Can not set io.appium.java_client.MobileElement field Screens.Screen.loginBtn to org.openqa.selenium.remote.RemoteWebElement$$EnhancerByCGLIB$$d27c0df4
	at sun.reflect.UnsafeFieldAccessorImpl.throwSetIllegalArgumentException(UnsafeFieldAccessorImpl.java:167)
	at sun.reflect.UnsafeFieldAccessorImpl.throwSetIllegalArgumentException(UnsafeFieldAccessorImpl.java:171)
	at sun.reflect.UnsafeObjectFieldAccessorImpl.set(UnsafeObjectFieldAccessorImpl.java:81)
	at java.lang.reflect.Field.set(Field.java:764)
	at org.openqa.selenium.support.PageFactory.proxyFields(PageFactory.java:117)
	at org.openqa.selenium.support.PageFactory.initElements(PageFactory.java:105)
	at Screens.Screen.<init>(Screen.java:15)
	at testClasses.LoginTest.init(LoginTest.java:29)
]]></failure>
    <system-out><![CDATA[2020-05-05 20:32:01 INFO  BaseClass:36 - Device name is set as Random
2020-05-05 20:32:01 INFO  LoginTest:27 - Taken driver
]]></system-out>
    <system-err><![CDATA[java.net.MalformedURLException: no protocol: Server.getServerUrl()
	at java.net.URL.<init>(URL.java:593)
	at java.net.URL.<init>(URL.java:490)
	at java.net.URL.<init>(URL.java:439)
	at base.BaseClass.setUp(BaseClass.java:80)
	at sun.reflect.NativeMethodAccessorImpl.invoke0(Native Method)
	at sun.reflect.NativeMethodAccessorImpl.invoke(NativeMethodAccessorImpl.java:62)
	at sun.reflect.DelegatingMethodAccessorImpl.invoke(DelegatingMethodAccessorImpl.java:43)
	at java.lang.reflect.Method.invoke(Method.java:498)
	at org.testng.internal.MethodInvocationHelper.invokeMethod(MethodInvocationHelper.java:134)
	at org.testng.internal.MethodInvocationHelper.invokeMethodConsideringTimeout(MethodInvocationHelper.java:63)
	at org.testng.internal.ConfigInvoker.invokeConfigurationMethod(ConfigInvoker.java:348)
	at org.testng.internal.ConfigInvoker.invokeConfigurations(ConfigInvoker.java:302)
	at org.testng.SuiteRunner.privateRun(SuiteRunner.java:327)
	at org.testng.SuiteRunner.run(SuiteRunner.java:286)
	at org.testng.SuiteRunnerWorker.runSuite(SuiteRunnerWorker.java:53)
	at org.testng.SuiteRunnerWorker.run(SuiteRunnerWorker.java:96)
	at org.testng.TestNG.runSuitesSequentially(TestNG.java:1187)
	at org.testng.TestNG.runSuitesLocally(TestNG.java:1109)
	at org.testng.TestNG.runSuites(TestNG.java:1039)
	at org.testng.TestNG.run(TestNG.java:1007)
	at org.apache.maven.surefire.testng.TestNGExecutor.run(TestNGExecutor.java:295)
	at org.apache.maven.surefire.testng.TestNGXmlTestSuite.execute(TestNGXmlTestSuite.java:84)
	at org.apache.maven.surefire.testng.TestNGProvider.invoke(TestNGProvider.java:90)
	at org.apache.maven.surefire.booter.ForkedBooter.invokeProviderInSameClassLoader(ForkedBooter.java:203)
	at org.apache.maven.surefire.booter.ForkedBooter.runSuitesInProcess(ForkedBooter.java:155)
	at org.apache.maven.surefire.booter.ForkedBooter.main(ForkedBooter.java:103)
]]></system-err>
  </testcase>
  <testcase name="init" classname="testClasses.LoginTest" time="0">
    <skipped/>
  </testcase>
  <testcase name="init" classname="testClasses.LoginTest" time="0">
    <skipped/>
  </testcase>
  <testcase name="LoginTest01" classname="testClasses.LoginTest" time="0">
    <skipped/>
  </testcase>
  <testcase name="LoginTest02" classname="testClasses.LoginTest" time="0">
    <skipped/>
  </testcase>
  <testcase name="LoginTest03" classname="testClasses.LoginTest" time="0">
    <skipped/>
  </testcase>
  <testcase name="stopServer" classname="testClasses.LoginTest" time="0">
    <skipped/>
  </testcase>
</testsuite>