<?xml version="1.0" encoding="UTF-8"?>
<testng-results skipped="0" failed="0" ignored="0" total="1" passed="1">
  <reporter-output>
  </reporter-output>
  <suite name="EbayTest Suite" duration-ms="23684" started-at="2020-05-02T16:49:27 AEST" finished-at="2020-05-02T16:49:50 AEST">
    <groups>
    </groups>
    <test name="EbayTests" duration-ms="23684" started-at="2020-05-02T16:49:27 AEST" finished-at="2020-05-02T16:49:50 AEST">
      <class name="testClasses.LoginTest">
        <test-method status="PASS" signature="baseSetUp()[pri:0, instance:testClasses.LoginTest@4492eede]" name="baseSetUp" is-config="true" duration-ms="22119" started-at="2020-05-02T16:49:27 AEST" finished-at="2020-05-02T16:49:49 AEST">
          <reporter-output>
          </reporter-output>
        </test-method> <!-- baseSetUp -->
        <test-method status="PASS" signature="init()[pri:0, instance:testClasses.LoginTest@4492eede]" name="init" is-config="true" duration-ms="1" started-at="2020-05-02T16:49:49 AEST" finished-at="2020-05-02T16:49:49 AEST">
          <reporter-output>
          </reporter-output>
        </test-method> <!-- init -->
        <test-method status="PASS" signature="Tests()[pri:0, instance:testClasses.LoginTest@4492eede]" name="Tests" duration-ms="1450" started-at="2020-05-02T16:49:49 AEST" finished-at="2020-05-02T16:49:50 AEST">
          <reporter-output>
          </reporter-output>
        </test-method> <!-- Tests -->
        <test-method status="PASS" signature="stopServer()[pri:0, instance:testClasses.LoginTest@4492eede]" name="stopServer" is-config="true" duration-ms="53" started-at="2020-05-02T16:49:50 AEST" finished-at="2020-05-02T16:49:50 AEST">
          <reporter-output>
          </reporter-output>
        </test-method> <!-- stopServer -->
      </class> <!-- testClasses.LoginTest -->
    </test> <!-- EbayTests -->
  </suite> <!-- EbayTest Suite -->
</testng-results>
